INFO - 2019-08-20 21:03:25,920 - root - logger - Works
INFO - 2019-08-23 11:01:57,682 - root - logger - Starting up the observer!!
INFO - 2019-08-23 11:02:56,675 - root - logger - Starting up the observer!!
INFO - 2019-08-23 11:03:55,569 - root - logger - Starting up the observer!!
INFO - 2019-08-23 15:47:36,528 - root - logger - Initialising the cleaner
INFO - 2019-08-23 15:47:36,573 - root - logger - Starting up the observer!!
INFO - 2019-08-23 15:48:38,439 - root - logger - Checking the immediate directories of the . folder
INFO - 2019-08-23 15:54:12,284 - root - logger - Initialising the cleaner
INFO - 2019-08-23 15:54:12,415 - root - logger - Starting up the observer!!
INFO - 2019-08-23 15:54:19,316 - root - logger - Checking the immediate directories of the . folder
INFO - 2019-08-23 16:23:03,552 - root - logger - Initialising the cleaner
INFO - 2019-08-23 16:23:03,588 - root - logger - Starting up the observer!!
INFO - 2019-08-23 16:23:14,169 - root - logger - Checking the immediate directories of the . folder
INFO - 2019-08-23 16:23:14,170 - root - logger - Checking if the given path Day 7.prproj is a valid directory
INFO - 2019-08-23 16:23:14,170 - root - logger - Checking if the given path wallpaper 4k 3.jpg is a valid directory
INFO - 2019-08-23 16:23:14,170 - root - logger - Checking if the given path Music is a valid directory
INFO - 2019-08-23 16:23:14,170 - root - logger - Checking if the given path wallpaper 4k 2.jpg is a valid directory
INFO - 2019-08-23 16:23:14,170 - root - logger - Checking if the given path Torrent Files is a valid directory
INFO - 2019-08-23 16:23:14,171 - root - logger - Checking if the given path wallpaper 4k 1.jpg is a valid directory
INFO - 2019-08-23 16:23:14,172 - root - logger - Checking if the given path Magnet_Pro_2.4.3_MAS_In-App_[TNT].dmg is a valid directory
INFO - 2019-08-23 16:23:14,172 - root - logger - Checking if the given path Ant_UX_XD.xd is a valid directory
INFO - 2019-08-23 16:23:14,172 - root - logger - Checking if the given path Images is a valid directory
INFO - 2019-08-23 16:23:14,172 - root - logger - Checking if the given path day6.prproj is a valid directory
INFO - 2019-08-23 16:23:14,172 - root - logger - Checking if the given path [FreeTutorials.Us] character-art-school-complete-character-drawing is a valid directory
INFO - 2019-08-23 16:23:14,173 - root - logger - Checking if the given path Others is a valid directory
INFO - 2019-08-23 16:23:14,173 - root - logger - Checking if the given path Frrames MacOS Figma.zip is a valid directory
INFO - 2019-08-23 16:23:14,173 - root - logger - Checking if the given path 1 hour uplifting music.prproj is a valid directory
INFO - 2019-08-23 16:23:14,173 - root - logger - Checking if the given path FDR_Klasik_Font_141016 is a valid directory
INFO - 2019-08-23 16:23:14,174 - root - logger - Checking if the given path scotch-featured-image-guidelines.ai is a valid directory
INFO - 2019-08-23 16:23:14,174 - root - logger - Checking if the given path Videos is a valid directory
INFO - 2019-08-23 16:23:14,174 - root - logger - Checking if the given path DAy 6.prproj is a valid directory
INFO - 2019-08-23 16:23:14,174 - root - logger - Checking if the given path Applications is a valid directory
INFO - 2019-08-23 16:23:14,174 - root - logger - Checking if the given path Folders is a valid directory
INFO - 2019-08-23 16:23:14,174 - root - logger - Checking if the given path fonts 2 is a valid directory
INFO - 2019-08-23 16:23:14,174 - root - logger - Checking if the given path album-d169911435-downloads is a valid directory
INFO - 2019-08-23 16:23:14,175 - root - logger - Checking if the given path Documents is a valid directory
INFO - 2019-08-23 16:23:14,175 - root - logger - Checking if the given path VID-20190814-WA0051.mp4 is a valid directory
INFO - 2019-08-23 16:23:14,175 - root - logger - Checking if the given path [FreeTutorials.Us] Udemy  - character-art-school-complete-coloring-and-painting is a valid directory
INFO - 2019-08-23 16:23:14,175 - root - logger - Checking if the given path Adobe Premiere Pro Auto-Save is a valid directory
INFO - 2019-08-23 16:23:14,175 - root - logger - Checking if the given path Sparks logo.png is a valid directory
INFO - 2019-08-23 16:23:14,176 - root - logger - Checking if the given path Frrames MacOS Figma is a valid directory
INFO - 2019-08-23 16:23:14,176 - root - logger - Checking if the given path fonts is a valid directory
INFO - 2019-08-23 16:23:14,176 - root - logger - Checking if the given path Archived is a valid directory
INFO - 2019-08-23 16:23:14,176 - root - logger - Checking if the given path ticketboticon.ai is a valid directory
INFO - 2019-08-23 16:23:14,176 - root - logger - Checking if the given path Notion-1.0.8.dmg is a valid directory
INFO - 2019-08-23 16:23:14,176 - root - logger - Checking the immediate directories of the . folder
INFO - 2019-08-23 16:23:14,177 - root - logger - Checking if the given path Day 7.prproj is a valid directory
INFO - 2019-08-23 16:23:14,177 - root - logger - Checking if the given path wallpaper 4k 3.jpg is a valid directory
INFO - 2019-08-23 16:23:14,177 - root - logger - Checking if the given path Music is a valid directory
INFO - 2019-08-23 16:23:14,177 - root - logger - Checking if the given path wallpaper 4k 2.jpg is a valid directory
INFO - 2019-08-23 16:23:14,177 - root - logger - Checking if the given path Torrent Files is a valid directory
INFO - 2019-08-23 16:23:14,177 - root - logger - Checking if the given path wallpaper 4k 1.jpg is a valid directory
INFO - 2019-08-23 16:23:14,178 - root - logger - Checking if the given path Magnet_Pro_2.4.3_MAS_In-App_[TNT].dmg is a valid directory
INFO - 2019-08-23 16:23:14,178 - root - logger - Checking if the given path Ant_UX_XD.xd is a valid directory
INFO - 2019-08-23 16:23:14,178 - root - logger - Checking if the given path Images is a valid directory
INFO - 2019-08-23 16:23:14,178 - root - logger - Checking if the given path day6.prproj is a valid directory
INFO - 2019-08-23 16:23:14,178 - root - logger - Checking if the given path [FreeTutorials.Us] character-art-school-complete-character-drawing is a valid directory
INFO - 2019-08-23 16:23:14,178 - root - logger - Checking if the given path Others is a valid directory
INFO - 2019-08-23 16:23:14,179 - root - logger - Checking if the given path Frrames MacOS Figma.zip is a valid directory
INFO - 2019-08-23 16:23:14,179 - root - logger - Checking if the given path 1 hour uplifting music.prproj is a valid directory
INFO - 2019-08-23 16:23:14,179 - root - logger - Checking if the given path FDR_Klasik_Font_141016 is a valid directory
INFO - 2019-08-23 16:23:14,179 - root - logger - Checking if the given path scotch-featured-image-guidelines.ai is a valid directory
INFO - 2019-08-23 16:23:14,179 - root - logger - Checking if the given path Videos is a valid directory
INFO - 2019-08-23 16:23:14,180 - root - logger - Checking if the given path DAy 6.prproj is a valid directory
INFO - 2019-08-23 16:23:14,180 - root - logger - Checking if the given path Applications is a valid directory
INFO - 2019-08-23 16:23:14,180 - root - logger - Checking if the given path Folders is a valid directory
INFO - 2019-08-23 16:23:14,180 - root - logger - Checking if the given path fonts 2 is a valid directory
INFO - 2019-08-23 16:23:14,181 - root - logger - Checking if the given path album-d169911435-downloads is a valid directory
INFO - 2019-08-23 16:23:14,181 - root - logger - Checking if the given path Documents is a valid directory
INFO - 2019-08-23 16:23:14,181 - root - logger - Checking if the given path VID-20190814-WA0051.mp4 is a valid directory
INFO - 2019-08-23 16:23:14,181 - root - logger - Checking if the given path [FreeTutorials.Us] Udemy  - character-art-school-complete-coloring-and-painting is a valid directory
INFO - 2019-08-23 16:23:14,182 - root - logger - Checking if the given path Adobe Premiere Pro Auto-Save is a valid directory
INFO - 2019-08-23 16:23:14,182 - root - logger - Checking if the given path Sparks logo.png is a valid directory
INFO - 2019-08-23 16:23:14,182 - root - logger - Checking if the given path Frrames MacOS Figma is a valid directory
INFO - 2019-08-23 16:23:14,182 - root - logger - Checking if the given path fonts is a valid directory
INFO - 2019-08-23 16:23:14,183 - root - logger - Checking if the given path Archived is a valid directory
INFO - 2019-08-23 16:23:14,183 - root - logger - Checking if the given path ticketboticon.ai is a valid directory
INFO - 2019-08-23 16:23:14,183 - root - logger - Checking if the given path Notion-1.0.8.dmg is a valid directory
INFO - 2019-08-23 16:23:14,192 - root - logger - Checking the immediate directories of the . folder
INFO - 2019-08-23 16:23:14,193 - root - logger - Checking if the given path Day 7.prproj is a valid directory
INFO - 2019-08-23 16:23:14,193 - root - logger - Checking if the given path wallpaper 4k 3.jpg is a valid directory
INFO - 2019-08-23 16:23:14,194 - root - logger - Checking if the given path Music is a valid directory
INFO - 2019-08-23 16:23:14,194 - root - logger - Checking if the given path wallpaper 4k 2.jpg is a valid directory
INFO - 2019-08-23 16:23:14,194 - root - logger - Checking if the given path Torrent Files is a valid directory
INFO - 2019-08-23 16:23:14,194 - root - logger - Checking if the given path wallpaper 4k 1.jpg is a valid directory
INFO - 2019-08-23 16:23:14,194 - root - logger - Checking if the given path Magnet_Pro_2.4.3_MAS_In-App_[TNT].dmg is a valid directory
INFO - 2019-08-23 16:23:14,194 - root - logger - Checking if the given path Ant_UX_XD.xd is a valid directory
INFO - 2019-08-23 16:23:14,194 - root - logger - Checking if the given path Images is a valid directory
INFO - 2019-08-23 16:23:14,194 - root - logger - Checking if the given path day6.prproj is a valid directory
INFO - 2019-08-23 16:23:14,195 - root - logger - Checking if the given path [FreeTutorials.Us] character-art-school-complete-character-drawing is a valid directory
INFO - 2019-08-23 16:23:14,195 - root - logger - Checking if the given path Others is a valid directory
INFO - 2019-08-23 16:23:14,195 - root - logger - Checking if the given path Frrames MacOS Figma.zip is a valid directory
INFO - 2019-08-23 16:23:14,195 - root - logger - Checking if the given path 1 hour uplifting music.prproj is a valid directory
INFO - 2019-08-23 16:23:14,195 - root - logger - Checking if the given path FDR_Klasik_Font_141016 is a valid directory
INFO - 2019-08-23 16:23:14,195 - root - logger - Checking if the given path scotch-featured-image-guidelines.ai is a valid directory
INFO - 2019-08-23 16:23:14,195 - root - logger - Checking if the given path Videos is a valid directory
INFO - 2019-08-23 16:23:14,195 - root - logger - Checking if the given path DAy 6.prproj is a valid directory
INFO - 2019-08-23 16:23:14,195 - root - logger - Checking if the given path Applications is a valid directory
INFO - 2019-08-23 16:23:14,196 - root - logger - Checking if the given path Folders is a valid directory
INFO - 2019-08-23 16:23:14,196 - root - logger - Checking if the given path fonts 2 is a valid directory
INFO - 2019-08-23 16:23:14,196 - root - logger - Checking if the given path album-d169911435-downloads is a valid directory
INFO - 2019-08-23 16:23:14,196 - root - logger - Checking if the given path Documents is a valid directory
INFO - 2019-08-23 16:23:14,196 - root - logger - Checking if the given path VID-20190814-WA0051.mp4 is a valid directory
INFO - 2019-08-23 16:23:14,196 - root - logger - Checking if the given path [FreeTutorials.Us] Udemy  - character-art-school-complete-coloring-and-painting is a valid directory
INFO - 2019-08-23 16:23:14,196 - root - logger - Checking if the given path Adobe Premiere Pro Auto-Save is a valid directory
INFO - 2019-08-23 16:23:14,196 - root - logger - Checking if the given path Sparks logo.png is a valid directory
INFO - 2019-08-23 16:23:14,197 - root - logger - Checking if the given path Frrames MacOS Figma is a valid directory
INFO - 2019-08-23 16:23:14,197 - root - logger - Checking if the given path fonts is a valid directory
INFO - 2019-08-23 16:23:14,197 - root - logger - Checking if the given path Archived is a valid directory
INFO - 2019-08-23 16:23:14,197 - root - logger - Checking if the given path ticketboticon.ai is a valid directory
INFO - 2019-08-23 16:23:14,197 - root - logger - Checking if the given path Notion-1.0.8.dmg is a valid directory
INFO - 2019-08-23 16:23:19,172 - root - logger - Checking the immediate directories of the . folder
INFO - 2019-08-23 16:23:19,172 - root - logger - Checking if the given path Day 7.prproj is a valid directory
INFO - 2019-08-23 16:23:19,172 - root - logger - Checking if the given path wallpaper 4k 3.jpg is a valid directory
INFO - 2019-08-23 16:23:19,172 - root - logger - Checking if the given path Music is a valid directory
INFO - 2019-08-23 16:23:19,172 - root - logger - Checking if the given path wallpaper 4k 2.jpg is a valid directory
INFO - 2019-08-23 16:23:19,173 - root - logger - Checking if the given path Torrent Files is a valid directory
INFO - 2019-08-23 16:23:19,173 - root - logger - Checking if the given path wallpaper 4k 1.jpg is a valid directory
INFO - 2019-08-23 16:23:19,173 - root - logger - Checking if the given path Magnet_Pro_2.4.3_MAS_In-App_[TNT].dmg is a valid directory
INFO - 2019-08-23 16:23:19,173 - root - logger - Checking if the given path Ant_UX_XD.xd is a valid directory
INFO - 2019-08-23 16:23:19,173 - root - logger - Checking if the given path Images is a valid directory
INFO - 2019-08-23 16:23:19,173 - root - logger - Checking if the given path day6.prproj is a valid directory
INFO - 2019-08-23 16:23:19,173 - root - logger - Checking if the given path [FreeTutorials.Us] character-art-school-complete-character-drawing is a valid directory
INFO - 2019-08-23 16:23:19,174 - root - logger - Checking if the given path Others is a valid directory
INFO - 2019-08-23 16:23:19,174 - root - logger - Checking if the given path Frrames MacOS Figma.zip is a valid directory
INFO - 2019-08-23 16:23:19,174 - root - logger - Checking if the given path 1 hour uplifting music.prproj is a valid directory
INFO - 2019-08-23 16:23:19,174 - root - logger - Checking if the given path FDR_Klasik_Font_141016 is a valid directory
INFO - 2019-08-23 16:23:19,174 - root - logger - Checking if the given path scotch-featured-image-guidelines.ai is a valid directory
INFO - 2019-08-23 16:23:19,174 - root - logger - Checking if the given path Videos is a valid directory
INFO - 2019-08-23 16:23:19,175 - root - logger - Checking if the given path DAy 6.prproj is a valid directory
INFO - 2019-08-23 16:23:19,175 - root - logger - Checking if the given path Applications is a valid directory
INFO - 2019-08-23 16:23:19,175 - root - logger - Checking if the given path Folders is a valid directory
INFO - 2019-08-23 16:23:19,175 - root - logger - Checking if the given path fonts 2 is a valid directory
INFO - 2019-08-23 16:23:19,175 - root - logger - Checking if the given path album-d169911435-downloads is a valid directory
INFO - 2019-08-23 16:23:19,175 - root - logger - Checking if the given path Documents is a valid directory
INFO - 2019-08-23 16:23:19,175 - root - logger - Checking if the given path VID-20190814-WA0051.mp4 is a valid directory
INFO - 2019-08-23 16:23:19,175 - root - logger - Checking if the given path [FreeTutorials.Us] Udemy  - character-art-school-complete-coloring-and-painting is a valid directory
INFO - 2019-08-23 16:23:19,176 - root - logger - Checking if the given path Adobe Premiere Pro Auto-Save is a valid directory
INFO - 2019-08-23 16:23:19,176 - root - logger - Checking if the given path Sparks logo.png is a valid directory
INFO - 2019-08-23 16:23:19,176 - root - logger - Checking if the given path Frrames MacOS Figma is a valid directory
INFO - 2019-08-23 16:23:19,176 - root - logger - Checking if the given path fonts is a valid directory
INFO - 2019-08-23 16:23:19,176 - root - logger - Checking if the given path Archived is a valid directory
INFO - 2019-08-23 16:23:19,176 - root - logger - Checking if the given path ticketboticon.ai is a valid directory
INFO - 2019-08-23 16:23:19,176 - root - logger - Checking if the given path Notion-1.0.8.dmg is a valid directory
INFO - 2019-08-23 16:25:35,374 - root - logger - Initialising the cleaner
INFO - 2019-08-23 16:25:35,381 - root - logger - Starting up the observer!!
INFO - 2019-08-23 16:25:47,201 - root - logger - Checking the immediate directories of the . folder
INFO - 2019-08-23 16:25:47,201 - root - logger - Checking if the given path Day 7.prproj is a valid directory
INFO - 2019-08-23 16:25:47,201 - root - logger - Checking if the given path wallpaper 4k 3.jpg is a valid directory
INFO - 2019-08-23 16:25:47,201 - root - logger - Checking if the given path Music is a valid directory
INFO - 2019-08-24 09:06:29,552 - root - logger - Initialising the cleaner
INFO - 2019-08-24 09:06:29,661 - root - logger - Starting up the observer!!
INFO - 2019-08-24 09:06:51,224 - root - logger - Checking the immediate directories of the . folder
INFO - 2019-08-24 09:06:51,224 - root - logger - Checking if the given path Day 7.prproj is a valid directory
INFO - 2019-08-24 09:06:51,225 - root - logger - Checking if the given path wallpaper 4k 3.jpg is a valid directory
INFO - 2019-08-24 09:06:51,225 - root - logger - Checking if the given path wallpaper 4k 2.jpg is a valid directory
INFO - 2019-08-24 09:06:51,225 - root - logger - Checking if the given path wallpaper 4k 1.jpg is a valid directory
INFO - 2019-08-24 09:06:51,225 - root - logger - Checking if the given path Magnet_Pro_2.4.3_MAS_In-App_[TNT].dmg is a valid directory
INFO - 2019-08-24 09:06:51,225 - root - logger - Checking if the given path Ant_UX_XD.xd is a valid directory
INFO - 2019-08-24 09:06:51,226 - root - logger - Checking if the given path day6.prproj is a valid directory
INFO - 2019-08-24 09:06:51,226 - root - logger - Checking if the given path [FreeTutorials.Us] character-art-school-complete-character-drawing is a valid directory
INFO - 2019-08-24 09:12:16,951 - root - logger - Initialising the cleaner
INFO - 2019-08-24 09:12:16,973 - root - logger - Starting up the observer!!
INFO - 2019-08-24 09:12:34,156 - root - logger - Checking the immediate directories of the . folder
INFO - 2019-08-24 09:12:34,157 - root - logger - Checking if the given path Day 7.prproj is a valid directory
INFO - 2019-08-24 09:12:34,157 - root - logger - Checking if the given path wallpaper 4k 3.jpg is a valid directory
INFO - 2019-08-24 09:12:34,157 - root - logger - Checking if the given path wallpaper 4k 2.jpg is a valid directory
INFO - 2019-08-24 09:12:34,157 - root - logger - Checking if the given path wallpaper 4k 1.jpg is a valid directory
INFO - 2019-08-24 09:12:34,157 - root - logger - Checking if the given path Magnet_Pro_2.4.3_MAS_In-App_[TNT].dmg is a valid directory
INFO - 2019-08-24 09:12:34,158 - root - logger - Checking if the given path Ant_UX_XD.xd is a valid directory
INFO - 2019-08-24 09:12:34,158 - root - logger - Checking if the given path my_avatar copy 2.png is a valid directory
INFO - 2019-08-24 09:12:34,158 - root - logger - Checking if the given path day6.prproj is a valid directory
INFO - 2019-08-24 09:12:34,158 - root - logger - Checking if the given path [FreeTutorials.Us] character-art-school-complete-character-drawing is a valid directory
INFO - 2019-08-24 09:12:34,158 - root - logger - Moving [FreeTutorials.Us] character-art-school-complete-character-drawing to the /Users/danieleze/Downloads/Folders/August 24, 2019 path
INFO - 2019-08-24 09:12:34,158 - root - logger - Checking if the given path Frrames MacOS Figma.zip is a valid directory
INFO - 2019-08-24 09:12:34,158 - root - logger - Checking if the given path 1 hour uplifting music.prproj is a valid directory
INFO - 2019-08-24 09:12:34,158 - root - logger - Checking if the given path FDR_Klasik_Font_141016 is a valid directory
INFO - 2019-08-24 09:18:27,795 - root - logger - Initialising the cleaner
INFO - 2019-08-24 09:18:27,820 - root - logger - Starting up the observer!!
INFO - 2019-08-24 09:18:33,587 - root - logger - Checking the immediate directories of the . folder
INFO - 2019-08-24 09:18:33,588 - root - logger - Checking if the given path Day 7.prproj is a valid directory
INFO - 2019-08-24 09:18:33,588 - root - logger - Checking if the given path wallpaper 4k 3.jpg is a valid directory
INFO - 2019-08-24 09:18:33,588 - root - logger - Checking if the given path wallpaper 4k 2.jpg is a valid directory
INFO - 2019-08-24 09:18:33,589 - root - logger - Checking if the given path wallpaper 4k 1.jpg is a valid directory
INFO - 2019-08-24 09:18:33,589 - root - logger - Checking if the given path Magnet_Pro_2.4.3_MAS_In-App_[TNT].dmg is a valid directory
INFO - 2019-08-24 09:18:33,589 - root - logger - Checking if the given path Ant_UX_XD.xd is a valid directory
INFO - 2019-08-24 09:18:33,589 - root - logger - Checking if the given path day6.prproj is a valid directory
INFO - 2019-08-24 09:18:33,590 - root - logger - Checking if the given path Frrames MacOS Figma.zip is a valid directory
INFO - 2019-08-24 09:18:33,590 - root - logger - Checking if the given path 1 hour uplifting music.prproj is a valid directory
INFO - 2019-08-24 09:18:33,590 - root - logger - Checking if the given path FDR_Klasik_Font_141016 is a valid directory
INFO - 2019-08-24 09:18:33,591 - root - logger - Moving FDR_Klasik_Font_141016 to the /Users/danieleze/Downloads/Folders/August 24, 2019 path
INFO - 2019-08-24 09:18:33,591 - root - logger - Checking if the given path scotch-featured-image-guidelines.ai is a valid directory
INFO - 2019-08-24 09:18:33,591 - root - logger - Checking if the given path 30bb9961-7137-47a2-a913-b979203a53c6.mp4 is a valid directory
INFO - 2019-08-24 09:18:33,592 - root - logger - Checking if the given path DAy 6.prproj is a valid directory
INFO - 2019-08-24 09:18:33,592 - root - logger - Checking if the given path fonts 2 is a valid directory
INFO - 2019-08-24 09:18:33,593 - root - logger - Moving fonts 2 to the /Users/danieleze/Downloads/Folders/August 24, 2019 path
INFO - 2019-08-24 09:18:33,593 - root - logger - Checking if the given path album-d169911435-downloads is a valid directory
INFO - 2019-08-24 09:18:33,594 - root - logger - Moving album-d169911435-downloads to the /Users/danieleze/Downloads/Folders/August 24, 2019 path
INFO - 2019-08-24 09:18:33,594 - root - logger - Checking if the given path [FreeTutorials.Us] Udemy  - character-art-school-complete-coloring-and-painting is a valid directory
INFO - 2019-08-24 09:18:33,595 - root - logger - Moving [FreeTutorials.Us] Udemy  - character-art-school-complete-coloring-and-painting to the /Users/danieleze/Downloads/Folders/August 24, 2019 path
INFO - 2019-08-24 09:18:33,595 - root - logger - Checking if the given path Adobe Premiere Pro Auto-Save is a valid directory
INFO - 2019-08-24 09:18:33,596 - root - logger - Moving Adobe Premiere Pro Auto-Save to the /Users/danieleze/Downloads/Folders/August 24, 2019 path
INFO - 2019-08-24 09:18:33,596 - root - logger - Checking if the given path Sparks logo.png is a valid directory
INFO - 2019-08-24 09:18:33,596 - root - logger - Checking if the given path Frrames MacOS Figma is a valid directory
INFO - 2019-08-24 09:18:33,597 - root - logger - Moving Frrames MacOS Figma to the /Users/danieleze/Downloads/Folders/August 24, 2019 path
INFO - 2019-08-24 09:18:33,597 - root - logger - Checking if the given path fonts is a valid directory
INFO - 2019-08-24 09:18:33,598 - root - logger - Moving fonts to the /Users/danieleze/Downloads/Folders/August 24, 2019 path
INFO - 2019-08-24 09:18:33,598 - root - logger - Checking if the given path ticketboticon.ai is a valid directory
INFO - 2019-08-24 09:18:33,598 - root - logger - Checking if the given path 7f4087f3-bbdb-41c5-8750-1861171cd877.mp4 is a valid directory
INFO - 2019-08-24 09:18:33,598 - root - logger - Checking if the given path Notion-1.0.8.dmg is a valid directory
INFO - 2019-08-24 09:18:33,621 - root - logger - Checking the immediate directories of the . folder
INFO - 2019-08-24 09:18:33,621 - root - logger - Checking if the given path Day 7.prproj is a valid directory
INFO - 2019-08-24 09:18:33,622 - root - logger - Checking if the given path wallpaper 4k 3.jpg is a valid directory
INFO - 2019-08-24 09:18:33,622 - root - logger - Checking if the given path wallpaper 4k 2.jpg is a valid directory
INFO - 2019-08-24 09:18:33,622 - root - logger - Checking if the given path wallpaper 4k 1.jpg is a valid directory
INFO - 2019-08-24 09:18:33,623 - root - logger - Checking if the given path Magnet_Pro_2.4.3_MAS_In-App_[TNT].dmg is a valid directory
INFO - 2019-08-24 09:18:33,623 - root - logger - Checking if the given path Ant_UX_XD.xd is a valid directory
INFO - 2019-08-24 09:18:33,623 - root - logger - Checking if the given path day6.prproj is a valid directory
INFO - 2019-08-24 09:18:33,623 - root - logger - Checking if the given path Frrames MacOS Figma.zip is a valid directory
INFO - 2019-08-24 09:18:33,623 - root - logger - Checking if the given path 1 hour uplifting music.prproj is a valid directory
INFO - 2019-08-24 09:18:33,623 - root - logger - Checking if the given path scotch-featured-image-guidelines.ai is a valid directory
INFO - 2019-08-24 09:18:33,623 - root - logger - Checking if the given path 30bb9961-7137-47a2-a913-b979203a53c6.mp4 is a valid directory
INFO - 2019-08-24 09:18:33,624 - root - logger - Checking if the given path DAy 6.prproj is a valid directory
INFO - 2019-08-24 09:18:33,624 - root - logger - Checking if the given path Sparks logo.png is a valid directory
INFO - 2019-08-24 09:18:33,624 - root - logger - Checking if the given path ticketboticon.ai is a valid directory
INFO - 2019-08-24 09:18:33,624 - root - logger - Checking if the given path 7f4087f3-bbdb-41c5-8750-1861171cd877.mp4 is a valid directory
INFO - 2019-08-24 09:18:33,625 - root - logger - Checking if the given path Notion-1.0.8.dmg is a valid directory
INFO - 2019-08-24 09:18:42,031 - root - logger - Checking the immediate directories of the . folder
INFO - 2019-08-24 09:18:42,031 - root - logger - Checking if the given path Day 7.prproj is a valid directory
INFO - 2019-08-24 09:18:42,031 - root - logger - Checking if the given path wallpaper 4k 3.jpg is a valid directory
INFO - 2019-08-24 09:18:42,031 - root - logger - Checking if the given path wallpaper 4k 2.jpg is a valid directory
INFO - 2019-08-24 09:18:42,032 - root - logger - Checking if the given path wallpaper 4k 1.jpg is a valid directory
INFO - 2019-08-24 09:18:42,032 - root - logger - Checking if the given path Magnet_Pro_2.4.3_MAS_In-App_[TNT].dmg is a valid directory
INFO - 2019-08-24 09:18:42,032 - root - logger - Checking if the given path Ant_UX_XD.xd is a valid directory
INFO - 2019-08-24 09:18:42,032 - root - logger - Checking if the given path day6.prproj is a valid directory
INFO - 2019-08-24 09:18:42,032 - root - logger - Checking if the given path Frrames MacOS Figma.zip is a valid directory
INFO - 2019-08-24 09:18:42,033 - root - logger - Checking if the given path 1 hour uplifting music.prproj is a valid directory
INFO - 2019-08-24 09:18:42,033 - root - logger - Checking if the given path scotch-featured-image-guidelines.ai is a valid directory
INFO - 2019-08-24 09:18:42,033 - root - logger - Checking if the given path 30bb9961-7137-47a2-a913-b979203a53c6.mp4 is a valid directory
INFO - 2019-08-24 09:18:42,033 - root - logger - Checking if the given path DAy 6.prproj is a valid directory
INFO - 2019-08-24 09:18:42,033 - root - logger - Checking if the given path Sparks logo.png is a valid directory
INFO - 2019-08-24 09:18:42,033 - root - logger - Checking if the given path ticketboticon.ai is a valid directory
INFO - 2019-08-24 09:18:42,033 - root - logger - Checking if the given path 7f4087f3-bbdb-41c5-8750-1861171cd877.mp4 is a valid directory
INFO - 2019-08-24 09:18:42,033 - root - logger - Checking if the given path Notion-1.0.8.dmg is a valid directory
INFO - 2019-08-24 14:02:53,003 - root - logger - Initialising the cleaner
INFO - 2019-08-24 14:02:53,032 - root - logger - Starting up the observer!!
INFO - 2019-08-24 14:03:05,121 - root - logger - Checking the immediate directories of the . folder
INFO - 2019-08-24 14:03:05,121 - root - logger - Checking if the given path Day 7.prproj is a valid directory
INFO - 2019-08-24 14:03:05,122 - root - logger - Checking if the given path wallpaper 4k 3.jpg is a valid directory
INFO - 2019-08-24 14:03:05,122 - root - logger - Checking if the given path wallpaper 4k 2.jpg is a valid directory
INFO - 2019-08-24 14:03:05,122 - root - logger - Checking if the given path wallpaper 4k 1.jpg is a valid directory
INFO - 2019-08-24 14:03:05,123 - root - logger - Checking if the given path Magnet_Pro_2.4.3_MAS_In-App_[TNT].dmg is a valid directory
INFO - 2019-08-24 14:03:05,123 - root - logger - Checking if the given path Ant_UX_XD.xd is a valid directory
INFO - 2019-08-24 14:03:05,123 - root - logger - Checking if the given path my_avatar copy 2.png is a valid directory
INFO - 2019-08-24 14:03:05,123 - root - logger - Checking if the given path day6.prproj is a valid directory
INFO - 2019-08-24 14:03:05,123 - root - logger - Checking if the given path Frrames MacOS Figma.zip is a valid directory
INFO - 2019-08-24 14:03:05,124 - root - logger - Checking if the given path 1 hour uplifting music.prproj is a valid directory
INFO - 2019-08-24 14:03:05,124 - root - logger - Checking if the given path scotch-featured-image-guidelines.ai is a valid directory
INFO - 2019-08-24 14:03:05,124 - root - logger - Checking if the given path 30bb9961-7137-47a2-a913-b979203a53c6.mp4 is a valid directory
INFO - 2019-08-24 14:03:05,124 - root - logger - Checking if the given path DAy 6.prproj is a valid directory
INFO - 2019-08-24 14:03:05,124 - root - logger - Checking if the given path Sparks logo.png is a valid directory
INFO - 2019-08-24 14:03:05,124 - root - logger - Checking if the given path ticketboticon.ai is a valid directory
INFO - 2019-08-24 14:03:05,124 - root - logger - Checking if the given path 7f4087f3-bbdb-41c5-8750-1861171cd877.mp4 is a valid directory
INFO - 2019-08-24 14:03:05,125 - root - logger - Checking if the given path Notion-1.0.8.dmg is a valid directory
INFO - 2019-08-24 14:04:35,361 - root - logger - Initialising the cleaner
INFO - 2019-08-24 14:04:35,368 - root - logger - Starting up the observer!!
INFO - 2019-08-24 14:04:39,526 - root - logger - Checking the immediate directories of the . folder
INFO - 2019-08-24 14:04:39,527 - root - logger - Checking if the given path Day 7.prproj is a valid directory
INFO - 2019-08-24 14:04:39,527 - root - logger - Checking if the given path wallpaper 4k 3.jpg is a valid directory
INFO - 2019-08-24 14:04:39,528 - root - logger - Checking if the given path wallpaper 4k 2.jpg is a valid directory
INFO - 2019-08-24 14:04:39,528 - root - logger - Checking if the given path wallpaper 4k 1.jpg is a valid directory
INFO - 2019-08-24 14:04:39,528 - root - logger - Checking if the given path Magnet_Pro_2.4.3_MAS_In-App_[TNT].dmg is a valid directory
INFO - 2019-08-24 14:04:39,528 - root - logger - Checking if the given path Ant_UX_XD.xd is a valid directory
INFO - 2019-08-24 14:04:39,528 - root - logger - Checking if the given path day6.prproj is a valid directory
INFO - 2019-08-24 14:04:39,528 - root - logger - Checking if the given path Frrames MacOS Figma.zip is a valid directory
INFO - 2019-08-24 14:04:39,528 - root - logger - Checking if the given path 1 hour uplifting music.prproj is a valid directory
INFO - 2019-08-24 14:04:39,529 - root - logger - Checking if the given path scotch-featured-image-guidelines.ai is a valid directory
INFO - 2019-08-24 14:04:39,529 - root - logger - Checking if the given path 30bb9961-7137-47a2-a913-b979203a53c6.mp4 is a valid directory
INFO - 2019-08-24 14:04:39,529 - root - logger - Checking if the given path DAy 6.prproj is a valid directory
INFO - 2019-08-24 14:04:39,529 - root - logger - Checking if the given path Sparks logo.png is a valid directory
INFO - 2019-08-24 14:04:39,529 - root - logger - Checking if the given path ticketboticon.ai is a valid directory
INFO - 2019-08-24 14:04:39,529 - root - logger - Checking if the given path 7f4087f3-bbdb-41c5-8750-1861171cd877.mp4 is a valid directory
INFO - 2019-08-24 14:04:39,529 - root - logger - Checking if the given path Notion-1.0.8.dmg is a valid directory
INFO - 2019-08-24 14:05:34,105 - root - logger - Initialising the cleaner
INFO - 2019-08-24 14:05:34,111 - root - logger - Starting up the observer!!
INFO - 2019-08-24 14:05:47,359 - root - logger - Checking the immediate directories of the . folder
INFO - 2019-08-24 14:05:47,359 - root - logger - Checking if the given path Day 7.prproj is a valid directory
INFO - 2019-08-24 14:05:47,359 - root - logger - Checking if the given path wallpaper 4k 3.jpg is a valid directory
INFO - 2019-08-24 14:05:47,359 - root - logger - Checking if the given path wallpaper 4k 2.jpg is a valid directory
INFO - 2019-08-24 14:05:47,360 - root - logger - Checking if the given path wallpaper 4k 1.jpg is a valid directory
INFO - 2019-08-24 14:05:47,360 - root - logger - Checking if the given path Magnet_Pro_2.4.3_MAS_In-App_[TNT].dmg is a valid directory
INFO - 2019-08-24 14:05:47,360 - root - logger - Checking if the given path Ant_UX_XD.xd is a valid directory
INFO - 2019-08-24 14:05:47,360 - root - logger - Checking if the given path day6.prproj is a valid directory
INFO - 2019-08-24 14:05:47,361 - root - logger - Checking if the given path Frrames MacOS Figma.zip is a valid directory
INFO - 2019-08-24 14:05:47,361 - root - logger - Checking if the given path 1 hour uplifting music.prproj is a valid directory
INFO - 2019-08-24 14:05:47,361 - root - logger - Checking if the given path scotch-featured-image-guidelines.ai is a valid directory
INFO - 2019-08-24 14:05:47,361 - root - logger - Checking if the given path 30bb9961-7137-47a2-a913-b979203a53c6.mp4 is a valid directory
INFO - 2019-08-24 14:05:47,361 - root - logger - Checking if the given path DAy 6.prproj is a valid directory
INFO - 2019-08-24 14:05:47,362 - root - logger - Checking if the given path Sparks logo.png is a valid directory
INFO - 2019-08-24 14:05:47,362 - root - logger - Checking if the given path ticketboticon.ai is a valid directory
INFO - 2019-08-24 14:05:47,362 - root - logger - Checking if the given path 7f4087f3-bbdb-41c5-8750-1861171cd877.mp4 is a valid directory
INFO - 2019-08-24 14:05:47,362 - root - logger - Checking if the given path Notion-1.0.8.dmg is a valid directory
INFO - 2019-08-24 14:05:47,408 - root - logger - Checking the immediate directories of the . folder
INFO - 2019-08-24 14:05:47,409 - root - logger - Checking if the given path Day 7.prproj is a valid directory
INFO - 2019-08-24 14:05:47,409 - root - logger - Checking if the given path wallpaper 4k 3.jpg is a valid directory
INFO - 2019-08-24 14:05:47,409 - root - logger - Checking if the given path wallpaper 4k 2.jpg is a valid directory
INFO - 2019-08-24 14:05:47,410 - root - logger - Checking if the given path wallpaper 4k 1.jpg is a valid directory
INFO - 2019-08-24 14:05:47,410 - root - logger - Checking if the given path Magnet_Pro_2.4.3_MAS_In-App_[TNT].dmg is a valid directory
INFO - 2019-08-24 14:05:47,410 - root - logger - Checking if the given path Ant_UX_XD.xd is a valid directory
INFO - 2019-08-24 14:05:47,410 - root - logger - Checking if the given path my_avatar copy 2.png is a valid directory
INFO - 2019-08-24 14:05:47,410 - root - logger - Checking if the given path day6.prproj is a valid directory
INFO - 2019-08-24 14:05:47,410 - root - logger - Checking if the given path Frrames MacOS Figma.zip is a valid directory
INFO - 2019-08-24 14:05:47,410 - root - logger - Checking if the given path 1 hour uplifting music.prproj is a valid directory
INFO - 2019-08-24 14:05:47,410 - root - logger - Checking if the given path scotch-featured-image-guidelines.ai is a valid directory
INFO - 2019-08-24 14:05:47,410 - root - logger - Checking if the given path 30bb9961-7137-47a2-a913-b979203a53c6.mp4 is a valid directory
INFO - 2019-08-24 14:05:47,411 - root - logger - Checking if the given path DAy 6.prproj is a valid directory
INFO - 2019-08-24 14:05:47,411 - root - logger - Checking if the given path Sparks logo.png is a valid directory
INFO - 2019-08-24 14:05:47,411 - root - logger - Checking if the given path ticketboticon.ai is a valid directory
INFO - 2019-08-24 14:05:47,411 - root - logger - Checking if the given path 7f4087f3-bbdb-41c5-8750-1861171cd877.mp4 is a valid directory
INFO - 2019-08-24 14:05:47,411 - root - logger - Checking if the given path Notion-1.0.8.dmg is a valid directory
INFO - 2019-08-24 14:09:59,699 - root - logger - Initialising the cleaner
INFO - 2019-08-24 14:09:59,705 - root - logger - Starting up the observer!!
INFO - 2019-08-24 14:10:04,892 - root - logger - Checking the immediate directories of the . folder
INFO - 2019-08-24 14:10:04,892 - root - logger - Checking if the given path Day 7.prproj is a valid directory
INFO - 2019-08-24 14:10:04,893 - root - logger - Creating the /Users/danieleze/Downloads/Others/August 24, 2019 path
INFO - 2019-08-24 14:10:04,894 - root - logger - Moving Day 7.prproj to the /Users/danieleze/Downloads/Others/August 24, 2019 path
INFO - 2019-08-24 14:10:04,896 - root - logger - Checking if the given path wallpaper 4k 3.jpg is a valid directory
INFO - 2019-08-24 14:10:04,896 - root - logger - Creating the /Users/danieleze/Downloads/Images/August 24, 2019 path
INFO - 2019-08-24 14:10:04,897 - root - logger - Moving wallpaper 4k 3.jpg to the /Users/danieleze/Downloads/Images/August 24, 2019 path
INFO - 2019-08-24 14:10:04,897 - root - logger - Checking if the given path wallpaper 4k 2.jpg is a valid directory
INFO - 2019-08-24 14:10:04,898 - root - logger - Moving wallpaper 4k 2.jpg to the /Users/danieleze/Downloads/Images/August 24, 2019 path
INFO - 2019-08-24 14:10:04,898 - root - logger - Checking if the given path wallpaper 4k 1.jpg is a valid directory
INFO - 2019-08-24 14:10:04,898 - root - logger - Moving wallpaper 4k 1.jpg to the /Users/danieleze/Downloads/Images/August 24, 2019 path
INFO - 2019-08-24 14:10:04,898 - root - logger - Checking if the given path Magnet_Pro_2.4.3_MAS_In-App_[TNT].dmg is a valid directory
INFO - 2019-08-24 14:10:04,898 - root - logger - Creating the /Users/danieleze/Downloads/Applications/August 24, 2019 path
INFO - 2019-08-24 14:10:04,899 - root - logger - Moving Magnet_Pro_2.4.3_MAS_In-App_[TNT].dmg to the /Users/danieleze/Downloads/Applications/August 24, 2019 path
INFO - 2019-08-24 14:10:04,899 - root - logger - Checking if the given path Ant_UX_XD.xd is a valid directory
INFO - 2019-08-24 14:10:04,900 - root - logger - Moving Ant_UX_XD.xd to the /Users/danieleze/Downloads/Others/August 24, 2019 path
INFO - 2019-08-24 14:10:04,900 - root - logger - Checking if the given path day6.prproj is a valid directory
INFO - 2019-08-24 14:10:04,900 - root - logger - Moving day6.prproj to the /Users/danieleze/Downloads/Others/August 24, 2019 path
INFO - 2019-08-24 14:10:04,901 - root - logger - Checking if the given path Frrames MacOS Figma.zip is a valid directory
INFO - 2019-08-24 14:10:04,901 - root - logger - Creating the /Users/danieleze/Downloads/Archived/August 24, 2019 path
INFO - 2019-08-24 14:10:04,901 - root - logger - Moving Frrames MacOS Figma.zip to the /Users/danieleze/Downloads/Archived/August 24, 2019 path
INFO - 2019-08-24 14:10:04,901 - root - logger - Checking if the given path 1 hour uplifting music.prproj is a valid directory
INFO - 2019-08-24 14:10:04,902 - root - logger - Moving 1 hour uplifting music.prproj to the /Users/danieleze/Downloads/Others/August 24, 2019 path
INFO - 2019-08-24 14:10:04,902 - root - logger - Checking if the given path scotch-featured-image-guidelines.ai is a valid directory
INFO - 2019-08-24 14:10:04,903 - root - logger - Moving scotch-featured-image-guidelines.ai to the /Users/danieleze/Downloads/Others/August 24, 2019 path
INFO - 2019-08-24 14:10:04,903 - root - logger - Checking if the given path 30bb9961-7137-47a2-a913-b979203a53c6.mp4 is a valid directory
INFO - 2019-08-24 14:10:04,903 - root - logger - Creating the /Users/danieleze/Downloads/Videos/August 24, 2019 path
INFO - 2019-08-24 14:10:04,903 - root - logger - Moving 30bb9961-7137-47a2-a913-b979203a53c6.mp4 to the /Users/danieleze/Downloads/Videos/August 24, 2019 path
INFO - 2019-08-24 14:10:04,904 - root - logger - Checking if the given path DAy 6.prproj is a valid directory
INFO - 2019-08-24 14:10:04,905 - root - logger - Moving DAy 6.prproj to the /Users/danieleze/Downloads/Others/August 24, 2019 path
INFO - 2019-08-24 14:10:04,905 - root - logger - Checking if the given path Sparks logo.png is a valid directory
INFO - 2019-08-24 14:10:04,906 - root - logger - Moving Sparks logo.png to the /Users/danieleze/Downloads/Images/August 24, 2019 path
INFO - 2019-08-24 14:10:04,906 - root - logger - Checking if the given path ticketboticon.ai is a valid directory
INFO - 2019-08-24 14:10:04,908 - root - logger - Moving ticketboticon.ai to the /Users/danieleze/Downloads/Others/August 24, 2019 path
INFO - 2019-08-24 14:10:04,908 - root - logger - Checking if the given path 7f4087f3-bbdb-41c5-8750-1861171cd877.mp4 is a valid directory
INFO - 2019-08-24 14:10:04,909 - root - logger - Moving 7f4087f3-bbdb-41c5-8750-1861171cd877.mp4 to the /Users/danieleze/Downloads/Videos/August 24, 2019 path
INFO - 2019-08-24 14:10:04,909 - root - logger - Checking if the given path Notion-1.0.8.dmg is a valid directory
INFO - 2019-08-24 14:10:04,909 - root - logger - Moving Notion-1.0.8.dmg to the /Users/danieleze/Downloads/Applications/August 24, 2019 path
INFO - 2019-08-24 14:10:04,921 - root - logger - Checking the immediate directories of the . folder
INFO - 2019-08-24 14:10:04,931 - root - logger - Checking the immediate directories of the . folder
INFO - 2019-08-24 14:10:21,049 - root - logger - Checking the immediate directories of the . folder
INFO - 2019-08-24 14:10:26,012 - root - logger - Checking the immediate directories of the . folder
INFO - 2019-08-24 14:10:33,651 - root - logger - Checking the immediate directories of the . folder
INFO - 2019-08-24 14:10:42,550 - root - logger - Checking the immediate directories of the . folder
